<?xml version="1.0" encoding="UTF-8"?>
<!-- Generated by org.testng.reporters.JUnitReportReporter -->
<testsuite hostname="Puneeth" failures="0" tests="6" name="com.testcases.TC_bedManagement" time="99.136" errors="0" timestamp="2024-02-03T13:20:06 IST" skipped="0">
  <testcase classname="com.testcases.TC_bedManagement" name="login" time="0.667"/>
  <testcase classname="com.testcases.TC_bedManagement" name="bedManagement" time="6.177"/>
  <testcase classname="com.testcases.TC_bedManagement" name="edit" time="20.198"/>
  <testcase classname="com.testcases.TC_bedManagement" name="beds" time="24.605"/>
  <testcase classname="com.testcases.TC_bedManagement" name="filter" time="26.481"/>
  <testcase classname="com.testcases.TC_bedManagement" name="bedEdit" time="21.008"/>
</testsuite> <!-- com.testcases.TC_bedManagement -->
